[2m00:22:31[22m [31m[1m[vite][22m[39m Pre-transform error: Failed to load url /src/data/siteContent.js (resolved id: C:/Users/HP/Documents/New project/group-koanda/src/data/siteContent.js) in C:/Users/HP/Documents/New project/group-koanda/src/components/SiteLayout.jsx. Does the file exist?
[2m00:22:31[22m [31m[1m[vite][22m[39m Pre-transform error: Failed to load url /src/data/siteContent.js (resolved id: C:/Users/HP/Documents/New project/group-koanda/src/data/siteContent.js) in C:/Users/HP/Documents/New project/group-koanda/src/components/SiteLayout.jsx. Does the file exist?
[2m00:22:31[22m [31m[1m[vite][22m[39m Pre-transform error: Failed to load url /src/data/siteContent.js (resolved id: C:/Users/HP/Documents/New project/group-koanda/src/data/siteContent.js) in C:/Users/HP/Documents/New project/group-koanda/src/components/SiteLayout.jsx. Does the file exist?
[2m00:22:31[22m [31m[1m[vite][22m[39m Pre-transform error: Failed to load url /src/data/siteContent.js (resolved id: C:/Users/HP/Documents/New project/group-koanda/src/data/siteContent.js) in C:/Users/HP/Documents/New project/group-koanda/src/components/SiteLayout.jsx. Does the file exist?
[2m00:22:32[22m [31m[1m[vite][22m[39m Pre-transform error: Failed to load url /src/data/siteContent.js (resolved id: C:/Users/HP/Documents/New project/group-koanda/src/data/siteContent.js) in C:/Users/HP/Documents/New project/group-koanda/src/components/SiteLayout.jsx. Does the file exist?
[2m00:22:32[22m [31m[1m[vite][22m[39m Pre-transform error: Failed to load url /src/data/siteContent.js (resolved id: C:/Users/HP/Documents/New project/group-koanda/src/data/siteContent.js) in C:/Users/HP/Documents/New project/group-koanda/src/components/SiteLayout.jsx. Does the file exist?
[2m00:22:32[22m [31m[1m[vite][22m[39m Pre-transform error: Failed to load url /src/data/siteContent.js (resolved id: C:/Users/HP/Documents/New project/group-koanda/src/data/siteContent.js) in C:/Users/HP/Documents/New project/group-koanda/src/components/SiteLayout.jsx. Does the file exist?
[2m00:22:32[22m [31m[1m[vite][22m[39m Pre-transform error: Failed to load url /src/data/siteContent.js (resolved id: C:/Users/HP/Documents/New project/group-koanda/src/data/siteContent.js) in C:/Users/HP/Documents/New project/group-koanda/src/components/SiteLayout.jsx. Does the file exist?
[2m00:22:32[22m [31m[1m[vite][22m[39m Pre-transform error: Failed to load url /src/data/siteContent.js (resolved id: C:/Users/HP/Documents/New project/group-koanda/src/data/siteContent.js) in C:/Users/HP/Documents/New project/group-koanda/src/components/SiteLayout.jsx. Does the file exist?
[2m00:22:32[22m [31m[1m[vite][22m[39m Pre-transform error: Failed to load url /src/data/siteContent.js (resolved id: C:/Users/HP/Documents/New project/group-koanda/src/data/siteContent.js) in C:/Users/HP/Documents/New project/group-koanda/src/components/SiteLayout.jsx. Does the file exist?
[2m00:22:32[22m [31m[1m[vite][22m[39m Pre-transform error: Failed to load url /src/data/siteContent.js (resolved id: C:/Users/HP/Documents/New project/group-koanda/src/data/siteContent.js) in C:/Users/HP/Documents/New project/group-koanda/src/components/SiteLayout.jsx. Does the file exist?
[2m00:22:32[22m [31m[1m[vite][22m[39m Pre-transform error: Failed to load url /src/data/siteContent.js (resolved id: C:/Users/HP/Documents/New project/group-koanda/src/data/siteContent.js) in C:/Users/HP/Documents/New project/group-koanda/src/components/SiteLayout.jsx. Does the file exist?
[2m00:53:56[22m [31m[1m[vite][22m[39m [31mInternal server error: Failed to resolve import "./pages/ContactPage" from "src/App.jsx". Does the file exist?[39m
  Plugin: [35mvite:import-analysis[39m
  File: [36mC:/Users/HP/Documents/New project/group-koanda/src/App.jsx[39m:3:24
[33m  17 |  import { BrowserRouter, Route, Routes } from "react-router-dom";
  18 |  import SiteLayout from "./components/SiteLayout";
  19 |  import ContactPage from "./pages/ContactPage";
     |                           ^
  20 |  import GroupPage from "./pages/GroupPage";
  21 |  import HomePage from "./pages/HomePage";[39m
      at TransformPluginContext._formatError (file:///C:/Users/HP/Documents/New%20project/group-koanda/node_modules/vite/dist/node/chunks/dep-BK3b2jBa.js:49258:41)
      at TransformPluginContext.error (file:///C:/Users/HP/Documents/New%20project/group-koanda/node_modules/vite/dist/node/chunks/dep-BK3b2jBa.js:49253:16)
      at normalizeUrl (file:///C:/Users/HP/Documents/New%20project/group-koanda/node_modules/vite/dist/node/chunks/dep-BK3b2jBa.js:64307:23)
      at process.processTicksAndRejections (node:internal/process/task_queues:104:5)
      at async file:///C:/Users/HP/Documents/New%20project/group-koanda/node_modules/vite/dist/node/chunks/dep-BK3b2jBa.js:64439:39
      at async Promise.all (index 5)
      at async TransformPluginContext.transform (file:///C:/Users/HP/Documents/New%20project/group-koanda/node_modules/vite/dist/node/chunks/dep-BK3b2jBa.js:64366:7)
      at async PluginContainer.transform (file:///C:/Users/HP/Documents/New%20project/group-koanda/node_modules/vite/dist/node/chunks/dep-BK3b2jBa.js:49099:18)
      at async loadAndTransform (file:///C:/Users/HP/Documents/New%20project/group-koanda/node_modules/vite/dist/node/chunks/dep-BK3b2jBa.js:51978:27)
      at async viteTransformMiddleware (file:///C:/Users/HP/Documents/New%20project/group-koanda/node_modules/vite/dist/node/chunks/dep-BK3b2jBa.js:62106:24)
[2m01:10:11[22m [31m[1m[vite][22m[39m Pre-transform error: Failed to load url /src/components/SiteLayout.jsx (resolved id: C:/Users/HP/Documents/New project/group-koanda/src/components/SiteLayout.jsx) in C:/Users/HP/Documents/New project/group-koanda/src/App.jsx. Does the file exist?
[2m01:10:11[22m [31m[1m[vite][22m[39m Pre-transform error: Failed to load url /src/styles.css (resolved id: C:/Users/HP/Documents/New project/group-koanda/src/styles.css) in C:/Users/HP/Documents/New project/group-koanda/src/main.jsx. Does the file exist?
[2m01:10:11[22m [31m[1m[vite][22m[39m Pre-transform error: Failed to load url /src/pages/GroupPage.jsx (resolved id: C:/Users/HP/Documents/New project/group-koanda/src/pages/GroupPage.jsx) in C:/Users/HP/Documents/New project/group-koanda/src/App.jsx. Does the file exist?
[2m01:10:11[22m [31m[1m[vite][22m[39m Pre-transform error: Failed to load url /src/pages/ContactPage.jsx (resolved id: C:/Users/HP/Documents/New project/group-koanda/src/pages/ContactPage.jsx) in C:/Users/HP/Documents/New project/group-koanda/src/App.jsx. Does the file exist?
[2m01:10:11[22m [31m[1m[vite][22m[39m Pre-transform error: Failed to load url /src/pages/HomePage.jsx (resolved id: C:/Users/HP/Documents/New project/group-koanda/src/pages/HomePage.jsx) in C:/Users/HP/Documents/New project/group-koanda/src/App.jsx. Does the file exist?
[2m01:10:11[22m [31m[1m[vite][22m[39m Pre-transform error: Failed to load url /src/pages/LegalPage.jsx (resolved id: C:/Users/HP/Documents/New project/group-koanda/src/pages/LegalPage.jsx) in C:/Users/HP/Documents/New project/group-koanda/src/App.jsx. Does the file exist?
[2m01:10:11[22m [31m[1m[vite][22m[39m Pre-transform error: Failed to load url /src/pages/PresencePage.jsx (resolved id: C:/Users/HP/Documents/New project/group-koanda/src/pages/PresencePage.jsx) in C:/Users/HP/Documents/New project/group-koanda/src/App.jsx. Does the file exist?
[2m01:10:11[22m [31m[1m[vite][22m[39m Pre-transform error: Failed to load url /src/pages/SubsidiariesPage.jsx (resolved id: C:/Users/HP/Documents/New project/group-koanda/src/pages/SubsidiariesPage.jsx) in C:/Users/HP/Documents/New project/group-koanda/src/App.jsx. Does the file exist?
[2m01:10:11[22m [31m[1m[vite][22m[39m Pre-transform error: Failed to load url /src/pages/SubsidiaryPage.jsx (resolved id: C:/Users/HP/Documents/New project/group-koanda/src/pages/SubsidiaryPage.jsx) in C:/Users/HP/Documents/New project/group-koanda/src/App.jsx. Does the file exist?
[2m01:29:25[22m [31m[1m[vite][22m[39m [31mInternal server error: Failed to resolve import "./pages/PartnersPage" from "src/App.jsx". Does the file exist?[39m
  Plugin: [35mvite:import-analysis[39m
  File: [36mC:/Users/HP/Documents/New project/group-koanda/src/App.jsx[39m:7:25
[33m  21 |  import HomePage from "./pages/HomePage";
  22 |  import LegalPage from "./pages/LegalPage";
  23 |  import PartnersPage from "./pages/PartnersPage";
     |                            ^
  24 |  import PresencePage from "./pages/PresencePage";
  25 |  import ProjectsPage from "./pages/ProjectsPage";[39m
      at TransformPluginContext._formatError (file:///C:/Users/HP/Documents/New%20project/group-koanda/node_modules/vite/dist/node/chunks/dep-BK3b2jBa.js:49258:41)
      at TransformPluginContext.error (file:///C:/Users/HP/Documents/New%20project/group-koanda/node_modules/vite/dist/node/chunks/dep-BK3b2jBa.js:49253:16)
      at normalizeUrl (file:///C:/Users/HP/Documents/New%20project/group-koanda/node_modules/vite/dist/node/chunks/dep-BK3b2jBa.js:64307:23)
      at process.processTicksAndRejections (node:internal/process/task_queues:104:5)
      at async file:///C:/Users/HP/Documents/New%20project/group-koanda/node_modules/vite/dist/node/chunks/dep-BK3b2jBa.js:64439:39
      at async Promise.all (index 9)
      at async TransformPluginContext.transform (file:///C:/Users/HP/Documents/New%20project/group-koanda/node_modules/vite/dist/node/chunks/dep-BK3b2jBa.js:64366:7)
      at async PluginContainer.transform (file:///C:/Users/HP/Documents/New%20project/group-koanda/node_modules/vite/dist/node/chunks/dep-BK3b2jBa.js:49099:18)
      at async loadAndTransform (file:///C:/Users/HP/Documents/New%20project/group-koanda/node_modules/vite/dist/node/chunks/dep-BK3b2jBa.js:51978:27)
      at async viteTransformMiddleware (file:///C:/Users/HP/Documents/New%20project/group-koanda/node_modules/vite/dist/node/chunks/dep-BK3b2jBa.js:62106:24)
[2m01:29:33[22m [31m[1m[vite][22m[39m Pre-transform error: Failed to resolve import "./pages/PartnersPage" from "src/App.jsx". Does the file exist?
[2m01:29:33[22m [31m[1m[vite][22m[39m [31mInternal server error: Failed to resolve import "./pages/PartnersPage" from "src/App.jsx". Does the file exist?[39m
  Plugin: [35mvite:import-analysis[39m
  File: [36mC:/Users/HP/Documents/New project/group-koanda/src/App.jsx[39m:7:25
[33m  21 |  import HomePage from "./pages/HomePage";
  22 |  import LegalPage from "./pages/LegalPage";
  23 |  import PartnersPage from "./pages/PartnersPage";
     |                            ^
  24 |  import PresencePage from "./pages/PresencePage";
  25 |  import ProjectsPage from "./pages/ProjectsPage";[39m
      at TransformPluginContext._formatError (file:///C:/Users/HP/Documents/New%20project/group-koanda/node_modules/vite/dist/node/chunks/dep-BK3b2jBa.js:49258:41)
      at TransformPluginContext.error (file:///C:/Users/HP/Documents/New%20project/group-koanda/node_modules/vite/dist/node/chunks/dep-BK3b2jBa.js:49253:16)
      at normalizeUrl (file:///C:/Users/HP/Documents/New%20project/group-koanda/node_modules/vite/dist/node/chunks/dep-BK3b2jBa.js:64307:23)
      at process.processTicksAndRejections (node:internal/process/task_queues:104:5)
      at async file:///C:/Users/HP/Documents/New%20project/group-koanda/node_modules/vite/dist/node/chunks/dep-BK3b2jBa.js:64439:39
      at async Promise.all (index 9)
      at async TransformPluginContext.transform (file:///C:/Users/HP/Documents/New%20project/group-koanda/node_modules/vite/dist/node/chunks/dep-BK3b2jBa.js:64366:7)
      at async PluginContainer.transform (file:///C:/Users/HP/Documents/New%20project/group-koanda/node_modules/vite/dist/node/chunks/dep-BK3b2jBa.js:49099:18)
      at async loadAndTransform (file:///C:/Users/HP/Documents/New%20project/group-koanda/node_modules/vite/dist/node/chunks/dep-BK3b2jBa.js:51978:27)
      at async viteTransformMiddleware (file:///C:/Users/HP/Documents/New%20project/group-koanda/node_modules/vite/dist/node/chunks/dep-BK3b2jBa.js:62106:24)
